<?xml version="1.0" encoding="UTF-8"?>
<!-- Generated by org.testng.reporters.JUnitReportReporter -->
<testsuite hostname="SUSHMAE-PC" name="testing.SampleTest" tests="1" failures="0" timestamp="24 Mar 2016 09:09:08 GMT" time="23.377" errors="0">
  <testcase name="test1" time="23.377" classname="testing.SampleTest"/>
</testsuite> <!-- testing.SampleTest -->
